[    0.000000] Linux version 4.15.0-50-generic (buildd@lcy01-amd64-013) (gcc version 7.3.0 (Ubuntu 7.3.0-16ubuntu3)) #54-Ubuntu SMP Mon May 6 18:46:08 UTC 2019 (Ubuntu 4.15.0-50.54-generic 4.15.18)
[    0.000000] Command line: BOOT_IMAGE=/boot/vmlinuz-4.15.0-50-generic root=LABEL=cloudimg-rootfs ro console=tty1 console=ttyS0
[    0.000000] KERNEL supported cpus:
[    0.000000]   Intel GenuineIntel
[    0.000000]   AMD AuthenticAMD
[    0.000000]   Centaur CentaurHauls
[    0.000000] x86/fpu: Supporting XSAVE feature 0x001: 'x87 floating point registers'
[    0.000000] x86/fpu: Supporting XSAVE feature 0x002: 'SSE registers'
[    0.000000] x86/fpu: Supporting XSAVE feature 0x004: 'AVX registers'
[    0.000000] x86/fpu: xstate_offset[2]:  576, xstate_sizes[2]:  256
[    0.000000] x86/fpu: Enabled xstate features 0x7, context size is 832 bytes, using 'standard' format.
[    0.000000] e820: BIOS-provided physical RAM map:
[    0.000000] BIOS-e820: [mem 0x0000000000000000-0x000000000009fbff] usable
[    0.000000] BIOS-e820: [mem 0x000000000009fc00-0x000000000009ffff] reserved
[    0.000000] BIOS-e820: [mem 0x00000000000f0000-0x00000000000fffff] reserved
[    0.000000] BIOS-e820: [mem 0x0000000000100000-0x000000001ffeffff] usable
[    0.000000] BIOS-e820: [mem 0x000000001fff0000-0x000000001fffffff] ACPI data
[    0.000000] BIOS-e820: [mem 0x00000000fec00000-0x00000000fec00fff] reserved
[    0.000000] BIOS-e820: [mem 0x00000000fee00000-0x00000000fee00fff] reserved
[    0.000000] BIOS-e820: [mem 0x00000000fffc0000-0x00000000ffffffff] reserved
[    0.000000] NX (Execute Disable) protection: active
[    0.000000] SMBIOS 2.5 present.
[    0.000000] DMI: innotek GmbH VirtualBox/VirtualBox, BIOS VirtualBox 12/01/2006
[    0.000000] Hypervisor detected: KVM
[    0.000000] e820: last_pfn = 0x1fff0 max_arch_pfn = 0x400000000
[    0.000000] MTRR: Disabled
[    0.000000] x86/PAT: MTRRs disabled, skipping PAT initialization too.
[    0.000000] CPU MTRRs all blank - virtualized system.
[    0.000000] x86/PAT: Configuration [0-7]: WB  WT  UC- UC  WB  WT  UC- UC  
[    0.000000] found SMP MP-table at [mem 0x0009fff0-0x0009ffff] mapped at [        (ptrval)]
[    0.000000] Scanning 1 areas for low memory corruption
[    0.000000] RAMDISK: [mem 0x1dbb5000-0x1ee3dfff]
[    0.000000] ACPI: Early table checksum verification disabled
[    0.000000] ACPI: RSDP 0x00000000000E0000 000024 (v02 VBOX  )
[    0.000000] ACPI: XSDT 0x000000001FFF0030 00003C (v01 VBOX   VBOXXSDT 00000001 ASL  00000061)
[    0.000000] ACPI: FACP 0x000000001FFF00F0 0000F4 (v04 VBOX   VBOXFACP 00000001 ASL  00000061)
[    0.000000] ACPI: DSDT 0x000000001FFF0470 0022EA (v02 VBOX   VBOXBIOS 00000002 INTL 20100528)
[    0.000000] ACPI: FACS 0x000000001FFF0200 000040
[    0.000000] ACPI: FACS 0x000000001FFF0200 000040
[    0.000000] ACPI: APIC 0x000000001FFF0240 00005C (v02 VBOX   VBOXAPIC 00000001 ASL  00000061)
[    0.000000] ACPI: SSDT 0x000000001FFF02A0 0001CC (v01 VBOX   VBOXCPUT 00000002 INTL 20100528)
[    0.000000] No NUMA configuration found
[    0.000000] Faking a node at [mem 0x0000000000000000-0x000000001ffeffff]
[    0.000000] NODE_DATA(0) allocated [mem 0x1ffc5000-0x1ffeffff]
[    0.000000] kvm-clock: cpu 0, msr 0:1ff44001, primary cpu clock
[    0.000000] kvm-clock: Using msrs 4b564d01 and 4b564d00
[    0.000000] kvm-clock: using sched offset of 3853463029 cycles
[    0.000000] clocksource: kvm-clock: mask: 0xffffffffffffffff max_cycles: 0x1cd42e4dffb, max_idle_ns: 881590591483 ns
[    0.000000] Zone ranges:
[    0.000000]   DMA      [mem 0x0000000000001000-0x0000000000ffffff]
[    0.000000]   DMA32    [mem 0x0000000001000000-0x000000001ffeffff]
[    0.000000]   Normal   empty
[    0.000000]   Device   empty
[    0.000000] Movable zone start for each node
[    0.000000] Early memory node ranges
[    0.000000]   node   0: [mem 0x0000000000001000-0x000000000009efff]
[    0.000000]   node   0: [mem 0x0000000000100000-0x000000001ffeffff]
[    0.000000] Reserved but unavailable: 114 pages
[    0.000000] Initmem setup node 0 [mem 0x0000000000001000-0x000000001ffeffff]
[    0.000000] ACPI: PM-Timer IO Port: 0x4008
[    0.000000] IOAPIC[0]: apic_id 2, version 32, address 0xfec00000, GSI 0-23
[    0.000000] ACPI: INT_SRC_OVR (bus 0 bus_irq 0 global_irq 2 dfl dfl)
[    0.000000] ACPI: INT_SRC_OVR (bus 0 bus_irq 9 global_irq 9 low level)
[    0.000000] Using ACPI (MADT) for SMP configuration information
[    0.000000] smpboot: Allowing 2 CPUs, 0 hotplug CPUs
[    0.000000] PM: Registered nosave memory: [mem 0x00000000-0x00000fff]
[    0.000000] PM: Registered nosave memory: [mem 0x0009f000-0x0009ffff]
[    0.000000] PM: Registered nosave memory: [mem 0x000a0000-0x000effff]
[    0.000000] PM: Registered nosave memory: [mem 0x000f0000-0x000fffff]
[    0.000000] e820: [mem 0x20000000-0xfebfffff] available for PCI devices
[    0.000000] Booting paravirtualized kernel on KVM
[    0.000000] clocksource: refined-jiffies: mask: 0xffffffff max_cycles: 0xffffffff, max_idle_ns: 7645519600211568 ns
[    0.000000] random: get_random_bytes called from start_kernel+0x99/0x4fd with crng_init=0
[    0.000000] setup_percpu: NR_CPUS:8192 nr_cpumask_bits:2 nr_cpu_ids:2 nr_node_ids:1
[    0.000000] percpu: Embedded 46 pages/cpu @        (ptrval) s151552 r8192 d28672 u1048576
[    0.000000] PV qspinlock hash table entries: 256 (order: 0, 4096 bytes)
[    0.000000] Built 1 zonelists, mobility grouping on.  Total pages: 128889
[    0.000000] Policy zone: DMA32
[    0.000000] Kernel command line: BOOT_IMAGE=/boot/vmlinuz-4.15.0-50-generic root=LABEL=cloudimg-rootfs ro console=tty1 console=ttyS0
[    0.000000] Memory: 467500K/523832K available (12300K kernel code, 2474K rwdata, 4276K rodata, 2412K init, 2416K bss, 56332K reserved, 0K cma-reserved)
[    0.000000] SLUB: HWalign=64, Order=0-3, MinObjects=0, CPUs=2, Nodes=1
[    0.000000] Kernel/User page tables isolation: enabled
[    0.000000] ftrace: allocating 39233 entries in 154 pages
[    0.004000] Hierarchical RCU implementation.
[    0.004000] 	RCU restricting CPUs from NR_CPUS=8192 to nr_cpu_ids=2.
[    0.004000] 	Tasks RCU enabled.
[    0.004000] RCU: Adjusting geometry for rcu_fanout_leaf=16, nr_cpu_ids=2
[    0.004000] NR_IRQS: 524544, nr_irqs: 440, preallocated irqs: 16
[    0.004000] Console: colour VGA+ 80x25
[    0.004000] console [tty1] enabled
[    0.004000] console [ttyS0] enabled
[    0.004000] ACPI: Core revision 20170831
[    0.004000] ACPI: 2 ACPI AML tables successfully acquired and loaded
[    0.004000] APIC: Switch to symmetric I/O mode setup
[    0.004000] x2apic enabled
[    0.004000] Switched APIC routing to physical x2apic.
[    0.004000] ..TIMER: vector=0x30 apic1=0 pin1=2 apic2=-1 pin2=-1
[    0.004004] tsc: Detected 2303.998 MHz processor
[    0.005081] Calibrating delay loop (skipped) preset value.. 4607.99 BogoMIPS (lpj=9215992)
[    0.008002] pid_max: default: 32768 minimum: 301
[    0.009084] Security Framework initialized
[    0.010079] Yama: becoming mindful.
[    0.010937] AppArmor: AppArmor initialized
[    0.012085] Dentry cache hash table entries: 65536 (order: 7, 524288 bytes)
[    0.013678] Inode-cache hash table entries: 32768 (order: 6, 262144 bytes)
[    0.015371] Mount-cache hash table entries: 1024 (order: 1, 8192 bytes)
[    0.016003] Mountpoint-cache hash table entries: 1024 (order: 1, 8192 bytes)
[    0.017787] mce: CPU supports 0 MCE banks
[    0.020014] Last level iTLB entries: 4KB 64, 2MB 8, 4MB 8
[    0.021247] Last level dTLB entries: 4KB 64, 2MB 0, 4MB 0, 1GB 4
[    0.022604] Spectre V2 : Mitigation: Full generic retpoline
[    0.024001] Spectre V2 : Spectre v2 / SpectreRSB mitigation: Filling RSB on context switch
[    0.026017] Speculative Store Bypass: Vulnerable
[    0.027136] MDS: Vulnerable: Clear CPU buffers attempted, no microcode
[    0.028078] Freeing SMP alternatives memory: 36K
[    0.032000] smpboot: CPU0: Intel(R) Core(TM) i5-7360U CPU @ 2.30GHz (family: 0x6, model: 0x8e, stepping: 0x9)
[    0.032000] Performance Events: unsupported p6 CPU model 142 no PMU driver, software events only.
[    0.032035] Hierarchical SRCU implementation.
[    0.033545] NMI watchdog: Perf event create on CPU 0 failed with -2
[    0.036001] NMI watchdog: Perf NMI watchdog permanently disabled
[    0.037702] smp: Bringing up secondary CPUs ...
[    0.038921] x86: Booting SMP configuration:
[    0.040003] .... node  #0, CPUs:      #1
[    0.004000] kvm-clock: cpu 1, msr 0:1ff44041, secondary cpu clock
[    0.004000] mce: CPU supports 0 MCE banks
[    0.047206] smp: Brought up 1 node, 2 CPUs
[    0.048005] smpboot: Max logical packages: 1
[    0.049042] smpboot: Total of 2 processors activated (9215.99 BogoMIPS)
[    0.050870] devtmpfs: initialized
[    0.052049] x86/mm: Memory block size: 128MB
[    0.053145] evm: security.selinux
[    0.053950] evm: security.SMACK64
[    0.054765] evm: security.SMACK64EXEC
[    0.056002] evm: security.SMACK64TRANSMUTE
[    0.056990] evm: security.SMACK64MMAP
[    0.058113] evm: security.apparmor
[    0.059020] evm: security.ima
[    0.060002] evm: security.capability
[    0.060888] clocksource: jiffies: mask: 0xffffffff max_cycles: 0xffffffff, max_idle_ns: 7645041785100000 ns
[    0.064011] futex hash table entries: 512 (order: 3, 32768 bytes)
[    0.065469] pinctrl core: initialized pinctrl subsystem
[    0.067273] RTC time:  8:32:08, date: 05/20/19
[    0.068228] NET: Registered protocol family 16
[    0.069514] audit: initializing netlink subsys (disabled)
[    0.070791] audit: type=2000 audit(1558341133.538:1): state=initialized audit_enabled=0 res=1
[    0.072011] cpuidle: using governor ladder
[    0.072989] cpuidle: using governor menu
[    0.076030] ACPI: bus type PCI registered
[    0.077344] acpiphp: ACPI Hot Plug PCI Controller Driver version: 0.5
[    0.078963] PCI: Using configuration type 1 for base access
[    0.080798] HugeTLB registered 2.00 MiB page size, pre-allocated 0 pages
[    0.081559] ACPI: Added _OSI(Module Device)
[    0.084007] ACPI: Added _OSI(Processor Device)
[    0.085309] ACPI: Added _OSI(3.0 _SCP Extensions)
[    0.086696] ACPI: Added _OSI(Processor Aggregator Device)
[    0.088003] ACPI: Added _OSI(Linux-Dell-Video)
[    0.090036] ACPI: Added _OSI(Linux-Lenovo-NV-HDMI-Audio)
[    0.092004] ACPI: Added _OSI(Linux-HPI-Hybrid-Graphics)
[    0.093884] ACPI: Executed 1 blocks of module-level executable AML code
[    0.100500] ACPI: Interpreter enabled
[    0.101504] ACPI: (supports S0 S5)
[    0.102328] ACPI: Using IOAPIC for interrupt routing
[    0.103891] PCI: Using host bridge windows from ACPI; if necessary, use "pci=nocrs" and report a bug
[    0.104212] ACPI: Enabled 2 GPEs in block 00 to 07
[    0.115716] ACPI: PCI Root Bridge [PCI0] (domain 0000 [bus 00-ff])
[    0.116007] acpi PNP0A03:00: _OSC: OS supports [ASPM ClockPM Segments MSI]
[    0.120053] acpi PNP0A03:00: _OSC: not requesting OS control; OS requires [ExtendedConfig ASPM ClockPM MSI]
[    0.122253] acpi PNP0A03:00: fail to add MMCONFIG information, can't access extended PCI configuration space under this bridge.
[    0.124452] PCI host bridge to bus 0000:00
[    0.125411] pci_bus 0000:00: root bus resource [io  0x0000-0x0cf7 window]
[    0.128004] pci_bus 0000:00: root bus resource [io  0x0d00-0xffff window]
[    0.129579] pci_bus 0000:00: root bus resource [mem 0x000a0000-0x000bffff window]
[    0.131638] pci_bus 0000:00: root bus resource [mem 0x20000000-0xfdffffff window]
[    0.132004] pci_bus 0000:00: root bus resource [bus 00-ff]
[    0.138847] pci 0000:00:01.1: legacy IDE quirk: reg 0x10: [io  0x01f0-0x01f7]
[    0.140003] pci 0000:00:01.1: legacy IDE quirk: reg 0x14: [io  0x03f6]
[    0.141678] pci 0000:00:01.1: legacy IDE quirk: reg 0x18: [io  0x0170-0x0177]
[    0.144003] pci 0000:00:01.1: legacy IDE quirk: reg 0x1c: [io  0x0376]
[    0.159436] pci 0000:00:07.0: quirk: [io  0x4000-0x403f] claimed by PIIX4 ACPI
[    0.160023] pci 0000:00:07.0: quirk: [io  0x4100-0x410f] claimed by PIIX4 SMB
[    0.171821] ACPI: PCI Interrupt Link [LNKA] (IRQs 5 9 10 *11)
[    0.172288] ACPI: PCI Interrupt Link [LNKB] (IRQs 5 9 *10 11)
[    0.173769] ACPI: PCI Interrupt Link [LNKC] (IRQs 5 *9 10 11)
[    0.176133] ACPI: PCI Interrupt Link [LNKD] (IRQs 5 9 10 *11)
[    0.178147] SCSI subsystem initialized
[    0.179114] pci 0000:00:02.0: vgaarb: setting as boot VGA device
[    0.179114] pci 0000:00:02.0: vgaarb: VGA device added: decodes=io+mem,owns=io+mem,locks=none
[    0.180009] pci 0000:00:02.0: vgaarb: bridge control possible
[    0.184008] vgaarb: loaded
[    0.184692] ACPI: bus type USB registered
[    0.185650] usbcore: registered new interface driver usbfs
[    0.188010] usbcore: registered new interface driver hub
[    0.189519] usbcore: registered new device driver usb
[    0.190827] EDAC MC: Ver: 3.0.0
[    0.192348] PCI: Using ACPI for IRQ routing
[    0.193393] NetLabel: Initializing
[    0.194206] NetLabel:  domain hash size = 128
[    0.195247] NetLabel:  protocols = UNLABELED CIPSOv4 CALIPSO
[    0.196016] NetLabel:  unlabeled traffic allowed by default
[    0.197346] clocksource: Switched to clocksource kvm-clock
[    0.215950] VFS: Disk quotas dquot_6.6.0
[    0.217292] VFS: Dquot-cache hash table entries: 512 (order 0, 4096 bytes)
[    0.218932] AppArmor: AppArmor Filesystem Enabled
[    0.220059] pnp: PnP ACPI init
[    0.223056] pnp: PnP ACPI: found 3 devices
[    0.235893] clocksource: acpi_pm: mask: 0xffffff max_cycles: 0xffffff, max_idle_ns: 2085701024 ns
[    0.238471] NET: Registered protocol family 2
[    0.239989] TCP established hash table entries: 4096 (order: 3, 32768 bytes)
[    0.242819] TCP bind hash table entries: 4096 (order: 4, 65536 bytes)
[    0.246800] TCP: Hash tables configured (established 4096 bind 4096)
[    0.249148] UDP hash table entries: 256 (order: 1, 8192 bytes)
[    0.251520] UDP-Lite hash table entries: 256 (order: 1, 8192 bytes)
[    0.254070] NET: Registered protocol family 1
[    0.255331] pci 0000:00:00.0: Limiting direct PCI/PCI transfers
[    0.257426] pci 0000:00:01.0: Activating ISA DMA hang workarounds
[    0.259598] pci 0000:00:02.0: Video device with shadowed ROM at [mem 0x000c0000-0x000dffff]
[    0.261820] Unpacking initramfs...
[    0.549178] Freeing initrd memory: 18980K
[    0.550651] clocksource: tsc: mask: 0xffffffffffffffff max_cycles: 0x2135f5e6f15, max_idle_ns: 440795231538 ns
[    0.553041] platform rtc_cmos: registered platform RTC device (no PNP device found)
[    0.554814] Scanning for low memory corruption every 60 seconds
[    0.556854] Initialise system trusted keyrings
[    0.558091] Key type blacklist registered
[    0.559098] workingset: timestamp_bits=36 max_order=17 bucket_order=0
[    0.561380] zbud: loaded
[    0.562423] squashfs: version 4.0 (2009/01/31) Phillip Lougher
[    0.563917] fuse init (API version 7.26)
[    0.568426] Key type asymmetric registered
[    0.569407] Asymmetric key parser 'x509' registered
[    0.570573] Block layer SCSI generic (bsg) driver version 0.4 loaded (major 246)
[    0.572345] io scheduler noop registered
[    0.573481] io scheduler deadline registered
[    0.574760] io scheduler cfq registered (default)
[    0.576753] ACPI: AC Adapter [AC] (on-line)
[    0.578168] input: Power Button as /devices/LNXSYSTM:00/LNXPWRBN:00/input/input0
[    0.579930] ACPI: Power Button [PWRF]
[    0.580932] input: Sleep Button as /devices/LNXSYSTM:00/LNXSLPBN:00/input/input1
[    0.582646] ACPI: Sleep Button [SLPF]
[    0.584824] ACPI: Battery Slot [BAT0] (battery present)
[    0.586502] Serial: 8250/16550 driver, 32 ports, IRQ sharing enabled
[    0.609423] 00:02: ttyS0 at I/O 0x3f8 (irq = 4, base_baud = 115200) is a 16550A
[    0.613949] Linux agpgart interface v0.103
[    0.616765] loop: module loaded
[    0.618024] scsi host0: ata_piix
[    0.618936] scsi host1: ata_piix
[    0.619731] ata1: PATA max UDMA/33 cmd 0x1f0 ctl 0x3f6 bmdma 0xd000 irq 14
[    0.621342] ata2: PATA max UDMA/33 cmd 0x170 ctl 0x376 bmdma 0xd008 irq 15
[    0.623359] libphy: Fixed MDIO Bus: probed
[    0.625107] tun: Universal TUN/TAP device driver, 1.6
[    0.627104] PPP generic driver version 2.4.2
[    0.628389] ehci_hcd: USB 2.0 'Enhanced' Host Controller (EHCI) Driver
[    0.630064] ehci-pci: EHCI PCI platform driver
[    0.631424] ehci-platform: EHCI generic platform driver
[    0.632918] ohci_hcd: USB 1.1 'Open' Host Controller (OHCI) Driver
[    0.634449] ohci-pci: OHCI PCI platform driver
[    0.635648] ohci-platform: OHCI generic platform driver
[    0.637409] uhci_hcd: USB Universal Host Controller Interface driver
[    0.639249] i8042: PNP: PS/2 Controller [PNP0303:PS2K,PNP0f03:PS2M] at 0x60,0x64 irq 1,12
[    0.641955] serio: i8042 KBD port at 0x60,0x64 irq 1
[    0.643141] serio: i8042 AUX port at 0x60,0x64 irq 12
[    0.645274] mousedev: PS/2 mouse device common for all mice
[    0.647712] input: AT Translated Set 2 keyboard as /devices/platform/i8042/serio0/input/input2
[    0.650422] rtc_cmos rtc_cmos: rtc core: registered rtc_cmos as rtc0
[    0.652452] rtc_cmos rtc_cmos: alarms up to one day, 114 bytes nvram
[    0.654003] i2c /dev entries driver
[    0.655628] pcie_mp2_amd: AMD(R) PCI-E MP2 Communication Driver Version: 1.0
[    0.657589] device-mapper: uevent: version 1.0.3
[    0.660023] device-mapper: ioctl: 4.37.0-ioctl (2017-09-20) initialised: dm-devel@redhat.com
[    0.662586] ledtrig-cpu: registered to indicate activity on CPUs
[    0.664523] NET: Registered protocol family 10
[    0.668780] Segment Routing with IPv6
[    0.669675] NET: Registered protocol family 17
[    0.670763] Key type dns_resolver registered
[    0.672388] RAS: Correctable Errors collector initialized.
[    0.674394] sched_clock: Marking stable (672359180, 0)->(961740863, -289381683)
[    0.677439] registered taskstats version 1
[    0.678420] Loading compiled-in X.509 certificates
[    0.681926] Loaded X.509 cert 'Build time autogenerated kernel key: 0d5cb4b7de8533fd8e7240d711ae9d354ea3dca1'
[    0.684403] zswap: loaded using pool lzo/zbud
[    0.688698] Key type big_key registered
[    0.689747] Key type trusted registered
[    0.692261] Key type encrypted registered
[    0.693216] AppArmor: AppArmor sha1 policy hashing enabled
[    0.694476] ima: No TPM chip found, activating TPM-bypass! (rc=-19)
[    0.696408] ima: Allocated hash algorithm: sha1
[    0.697486] evm: HMAC attrs: 0x1
[    0.698737]   Magic number: 3:820:523
[    0.699697] rtc_cmos rtc_cmos: setting system clock to 2019-05-20 08:32:08 UTC (1558341128)
[    0.702044] BIOS EDD facility v0.16 2004-Jun-25, 0 devices found
[    0.703420] EDD information not available.
[    0.787024] Freeing unused kernel image memory: 2412K
[    0.800371] Write protecting the kernel read-only data: 20480k
[    0.803755] Freeing unused kernel image memory: 2008K
[    0.806080] Freeing unused kernel image memory: 1868K
[    0.814146] x86/mm: Checked W+X mappings: passed, no W+X pages found.
[    0.817792] x86/mm: Checking user space page tables
[    0.826762] x86/mm: Checked W+X mappings: passed, no W+X pages found.
Loading, please wait...
starting version 237
[    0.893771] e1000: Intel(R) PRO/1000 Network Driver - version 7.3.21-k8-NAPI
[    0.895671] e1000: Copyright (c) 1999-2006 Intel Corporation.
[    0.899581] Fusion MPT base driver 3.04.20
[    0.901078] Copyright (c) 1999-2008 LSI Corporation
[    0.918923] AVX2 version of gcm_enc/dec engaged.
[    0.920669] AES CTR mode by8 optimization enabled
[    0.925786] Fusion MPT SPI Host driver 3.04.20
[    1.111339] input: ImExPS/2 Generic Explorer Mouse as /devices/platform/i8042/serio1/input/input4
[    1.368803] e1000 0000:00:03.0 eth0: (PCI:33MHz:32-bit) 02:86:97:5e:66:88
[    1.374256] e1000 0000:00:03.0 eth0: Intel(R) PRO/1000 Network Connection
[    1.377716] mptbase: ioc0: Initiating bringup
[    1.605703] ioc0: LSI53C1030 A0: Capabilities={Initiator}
[    3.630122] scsi host2: ioc0: LSI53C1030 A0, FwRev=00000000h, Ports=1, MaxQ=256, IRQ=20
[    4.023071] scsi 2:0:0:0: Direct-Access     VBOX     HARDDISK         1.0  PQ: 0 ANSI: 5
[    4.062278] scsi target2:0:0: Beginning Domain Validation
[    4.066811] scsi target2:0:0: Domain Validation skipping write tests
[    4.068730] scsi target2:0:0: Ending Domain Validation
[    4.070335] scsi target2:0:0: asynchronous
[    4.071796] scsi 2:0:1:0: Direct-Access     VBOX     HARDDISK         1.0  PQ: 0 ANSI: 5
[    4.435058] scsi target2:0:1: Beginning Domain Validation
[    4.438722] random: fast init done
[    4.440618] scsi target2:0:1: Domain Validation skipping write tests
[    4.442788] scsi target2:0:1: Ending Domain Validation
[    4.444028] scsi target2:0:1: asynchronous
[    4.448869] random: systemd-udevd: uninitialized urandom read (16 bytes read)
[    4.448920] sd 2:0:0:0: Attached scsi generic sg0 type 0
[    4.452829] random: systemd-udevd: uninitialized urandom read (16 bytes read)
[    4.455416] random: systemd-udevd: uninitialized urandom read (16 bytes read)
[    4.458418] sd 2:0:0:0: [sda] 20971520 512-byte logical blocks: (10.7 GB/10.0 GiB)
[    4.460598] sd 2:0:1:0: [sdb] 20480 512-byte logical blocks: (10.5 MB/10.0 MiB)
[    4.462645] sd 2:0:0:0: [sda] Write Protect is off
[    4.464106] sd 2:0:1:0: [sdb] Write Protect is off
[    4.465695] sd 2:0:0:0: [sda] Incomplete mode parameter data
[    4.466608] sd 2:0:1:0: Attached scsi generic sg1 type 0
[    4.469291] e1000 0000:00:08.0 eth1: (PCI:33MHz:32-bit) 08:00:27:a9:5d:6b
[    4.469296] e1000 0000:00:08.0 eth1: Intel(R) PRO/1000 Network Connection
[    4.472908] sd 2:0:0:0: [sda] Assuming drive cache: write through
[    4.475564] sd 2:0:1:0: [sdb] Incomplete mode parameter data
[    4.476665] e1000 0000:00:03.0 enp0s3: renamed from eth0
[    4.479402] sd 2:0:1:0: [sdb] Assuming drive cache: write through
[    4.482461]  sda: sda1
[    4.485124] sd 2:0:0:0: [sda] Attached SCSI disk
[    4.486396] sd 2:0:1:0: [sdb] Attached SCSI disk
[    4.489111] e1000 0000:00:08.0 enp0s8: renamed from eth1
Begin: Loading essential drivers ... [    5.908148] raid6: sse2x1   gen() 12392 MB/s
[    5.956129] raid6: sse2x1   xor()  8276 MB/s
[    6.004121] raid6: sse2x2   gen() 14354 MB/s
[    6.052035] raid6: sse2x2   xor()  5295 MB/s
[    6.100022] raid6: sse2x4   gen()  6844 MB/s
[    6.148022] raid6: sse2x4   xor()  7925 MB/s
[    6.196293] raid6: avx2x1   gen() 20006 MB/s
[    6.244305] raid6: avx2x1   xor() 14372 MB/s
[    6.292040] raid6: avx2x2   gen() 25535 MB/s
[    6.340055] raid6: avx2x2   xor() 15339 MB/s
[    6.388396] raid6: avx2x4   gen() 29224 MB/s
[    6.436538] raid6: avx2x4   xor() 17524 MB/s
[    6.438317] raid6: using algorithm avx2x4 gen() 29224 MB/s
[    6.440248] raid6: .... xor() 17524 MB/s, rmw enabled
[    6.442005] raid6: using avx2x2 recovery algorithm
[    6.444430] xor: automatically using best checksumming function   avx       
[    6.448742] async_tx: api initialized (async)
done.
Begin: Running /scripts/init-premount ... done.
Begin: Mounting root file system ... Begin: Running /scripts/local-top ... done.
Begin: Running /scripts/local-premount ... [    6.493603] Btrfs loaded, crc32c=crc32c-intel
Scanning for Btrfs filesystems
done.
Warning: fsck not present, so skipping root file system
[    6.520497] EXT4-fs (sda1): mounted filesystem with ordered data mode. Opts: (null)
done.
Begin: Running /scripts/local-bottom ... done.
Begin: Running /scripts/init-bottom ... done.
[    6.645686] ip_tables: (C) 2000-2006 Netfilter Core Team
[    6.652411] systemd[1]: systemd 237 running in system mode. (+PAM +AUDIT +SELINUX +IMA +APPARMOR +SMACK +SYSVINIT +UTMP +LIBCRYPTSETUP +GCRYPT +GNUTLS +ACL +XZ +LZ4 +SECCOMP +BLKID +ELFUTILS +KMOD -IDN2 +IDN -PCRE2 default-hierarchy=hybrid)
[    6.659977] systemd[1]: Detected virtualization oracle.
[    6.661833] systemd[1]: Detected architecture x86-64.

Welcome to [1mUbuntu 18.04.2 LTS[0m!

[    6.667892] systemd[1]: Set hostname to <ubuntu>.
[    6.671281] systemd[1]: Initializing machine ID from random generator.
[    6.673452] systemd[1]: Installed transient /etc/machine-id file.
[    6.848431] systemd[1]: Reached target System Time Synchronized.
[[0;32m  OK  [0m] Reached target System Time Synchronized.
[    6.856297] systemd[1]: Created slice User and Session Slice.
[[0;32m  OK  [0m] Created slice User and Session Slice.
[    6.862900] systemd[1]: Reached target User and Group Name Lookups.
[[0;32m  OK  [0m] Reached target User and Group Name Lookups.
[    6.866877] systemd[1]: Started Forward Password Requests to Wall Directory Watch.
[[0;32m  OK  [0m] Started Forward Password Requests to Wall Directory Watch.
[[0;32m  OK  [0m] Set up automount Arbitrary Executab…rmats File System Automount Point.
[[0;32m  OK  [0m] Created slice System Slice.
[[0;32m  OK  [0m] Listening on Journal Audit Socket.
[[0;32m  OK  [0m] Listening on LVM2 metadata daemon socket.
[[0;32m  OK  [0m] Listening on udev Control Socket.
[[0;32m  OK  [0m] Listening on Journal Socket.
         Starting Remount Root and Kernel File Systems...
         Starting Uncomplicated firewall...
         Mounting Huge Pages File System...
         Mounting Kernel Debug File System...
[[0;32m  OK  [0m] Listening on udev Kernel Socket.
[[0;32m  OK  [0m] Listening on Device-mapper event daemon FIFOs.
         Starting udev Coldplug all Devices...
[[0;32m  OK  [0m] Reached target Slices.
[[0;32m  OK  [0m] Reached target Swap.
[[0;32m  OK  [0m] Listening on LVM2 poll daemon socket.
[[0;32m  OK  [0m] Listening on /dev/initctl Compatibility Named Pipe.
[[0;32m  OK  [0m] Created slice system-serial\x2dgetty.slice.
         Starting Create list of required st…ce nodes for the current kernel...
[[0;32m  OK  [0m] Listening on Journal Socket (/dev/log).
         Starting Monitoring of LVM2 mirrors…ng dmeventd or progress polling...
         Mounting POSIX Message Queue File System...
[[0;32m  OK  [0m] Listening on Network Service Netlink Socket.
         Starting Set the console keyboard layout...
         Starting Load Kernel Modules...
[[0;32m  OK  [0m] Listening on Syslog Socket.
         Starting Journal Service...
[[0;32m  OK  [0m] Started Uncomplicated firewall.
[[0;32m  OK  [0m] Started Create list of required sta…vice nodes for the current kernel.
[    7.030228] Loading iSCSI transport class v2.0-870.
         Starting Create Static Device Nodes in /dev...
[    7.035942] iscsi: registered transport (tcp)
[[0;32m  OK  [0m] Started udev Coldplug all Devices.
[[0;32m  OK  [0m] Started Journal Service.
[[0;32m  OK  [0m] Started Create Static Device Nodes in /dev.
[    7.092002] iscsi: registered transport (iser)
[[0;32m  OK  [0m] Started Load Kernel Modules.
         Mounting FUSE Control File System...
         Starting Apply Kernel Variables...
         Mounting Kernel Configuration File System...
[[0;32m  OK  [0m] Started Apply Kernel Variables.
[[0;32m  OK  [0m] Mounted Huge Pages File System.
[[0;32m  OK  [0m] Started Remount Root and Kernel File Systems.
[[0;32m  OK  [0m] Mounted Kernel Debug File System.
[[0;32m  OK  [0m] Mounted POSIX Message Queue File System.
[[0;32m  OK  [0m] Mounted FUSE Control File System.
[[0;32m  OK  [0m] Mounted Kernel Configuration File System.
[[0;32m  OK  [0m] Started LVM2 metadata daemon.
         Starting udev Kernel Device Manager...
         Starting Flush Journal to Persistent Storage...
         Starting Load/Save Random Seed...
[[0;32m  OK  [0m] Started Monitoring of LVM2 mirrors,…sing dmeventd or progress polling.
[[0;32m  OK  [0m] Started udev Kernel Device Manager.
[[0;32m  OK  [0m] Started Load/Save Random Seed.
[[0;32m  OK  [0m] Started Flush Journal to Persistent Storage.
[[0;32m  OK  [0m] Started Set the console keyboard layout.
[[0;32m  OK  [0m] Started Dispatch Password Requests to Console Directory Watch.
[[0;32m  OK  [0m] Reached target Local Encrypted Volumes.
[[0;32m  OK  [0m] Reached target Local File Systems (Pre).
[[0;32m  OK  [0m] Reached target Local File Systems.
         Starting Commit a transient machine-id on disk...
         Starting Set console font and keymap...
         Starting Create Volatile Files and Directories...
         Starting ebtables ruleset management...
         Starting AppArmor initialization...
         Starting Tell Plymouth To Write Out Runtime Data...
[[0;32m  OK  [0m] Started Set console font and keymap.
[[0;32m  OK  [0m] Started Create Volatile Files and Directories.
         Starting Update UTMP about System Boot/Shutdown...
[[0;32m  OK  [0m] Started Tell Plymouth To Write Out Runtime Data.
[[0;32m  OK  [0m] Started Update UTMP about System Boot/Shutdown.
[[0;32m  OK  [0m] Started Commit a transient machine-id on disk.
[[0;32m  OK  [0m] Started ebtables ruleset management.
[[0;32m  OK  [0m] Found device /dev/ttyS0.
[[0;32m  OK  [0m] Listening on Load/Save RF Kill Switch Status /dev/rfkill Watch.
[[0;32m  OK  [0m] Started AppArmor initialization.
         Starting Initial cloud-init job (pre-networking)...
[    8.878923] cloud-init[538]: Cloud-init v. 18.5-45-g3554ffe8-0ubuntu1~18.04.1 running 'init-local' at Mon, 20 May 2019 08:32:16 +0000. Up 8.59 seconds.
[[0;32m  OK  [0m] Started Initial cloud-init job (pre-networking).
[[0;32m  OK  [0m] Reached target Network (Pre).
         Starting Network Service...
[[0;32m  OK  [0m] Started Network Service.
         Starting Wait for Network to be Configured...
         Starting Network Name Resolution...
[[0;32m  OK  [0m] Started Network Name Resolution.
[[0;32m  OK  [0m] Reached target Network.
[[0;32m  OK  [0m] Reached target Host and Network Name Lookups.
[[0;32m  OK  [0m] Started Wait for Network to be Configured.
         Starting Initial cloud-init job (metadata service crawler)...
[   10.805413] cloud-init[646]: Cloud-init v. 18.5-45-g3554ffe8-0ubuntu1~18.04.1 running 'init' at Mon, 20 May 2019 08:32:18 +0000. Up 10.69 seconds.
[   10.808340] cloud-init[646]: ci-info: ++++++++++++++++++++++++++++++++++++++Net device info+++++++++++++++++++++++++++++++++++++++
[   10.810270] cloud-init[646]: ci-info: +--------+-------+----------------------------+---------------+--------+-------------------+
[   10.812600] cloud-init[646]: ci-info: | Device |   Up  |          Address           |      Mask     | Scope  |     Hw-Address    |
[   10.815644] cloud-init[646]: ci-info: +--------+-------+----------------------------+---------------+--------+-------------------+
[   10.818373] cloud-init[646]: ci-info: | enp0s3 |  True |         10.0.2.15          | 255.255.255.0 | global | 02:86:97:5e:66:88 |
[   10.820880] cloud-init[646]: ci-info: | enp0s3 |  True | fe80::86:97ff:fe5e:6688/64 |       .       |  link  | 02:86:97:5e:66:88 |
[   10.823614] cloud-init[646]: ci-info: | enp0s8 | False |             .              |       .       |   .    | 08:00:27:a9:5d:6b |
[   10.826668] cloud-init[646]: ci-info: |   lo   |  True |         127.0.0.1          |   255.0.0.0   |  host  |         .         |
[   10.829594] cloud-init[646]: ci-info: |   lo   |  True |          ::1/128           |       .       |  host  |         .         |
[   10.832547] cloud-init[646]: ci-info: +--------+-------+----------------------------+---------------+--------+-------------------+
[   10.834994] cloud-init[646]: ci-info: ++++++++++++++++++++++++++++Route IPv4 info+++++++++++++++++++++++++++++
[   10.837097] cloud-init[646]: ci-info: +-------+-------------+----------+-----------------+-----------+-------+
[   10.839591] cloud-init[646]: ci-info: | Route | Destination | Gateway  |     Genmask     | Interface | Flags |
[   10.842221] cloud-init[646]: ci-info: +-------+-------------+----------+-----------------+-----------+-------+
[   10.845019] cloud-init[646]: ci-info: |   0   |   0.0.0.0   | 10.0.2.2 |     0.0.0.0     |   enp0s3  |   UG  |
[   10.856363] cloud-init[646]: ci-info: |   1   |   10.0.2.0  | 0.0.0.0  |  255.255.255.0  |   enp0s3  |   U   |
[   10.859149] cloud-init[646]: ci-info: |   2   |   10.0.2.2  | 0.0.0.0  | 255.255.255.255 |   enp0s3  |   UH  |
[   10.861174] cloud-init[646]: ci-info: +-------+-------------+----------+-----------------+-----------+-------+
[   10.862781] cloud-init[646]: ci-info: +++++++++++++++++++Route IPv6 info+++++++++++++++++++
[   10.864637] cloud-init[646]: ci-info: +-------+-------------+---------+-----------+-------+
[   10.866140] cloud-init[646]: ci-info: | Route | Destination | Gateway | Interface | Flags |
[   10.867859] cloud-init[646]: ci-info: +-------+-------------+---------+-----------+-------+
[   10.869533] cloud-init[646]: ci-info: |   1   |  fe80::/64  |    ::   |   enp0s3  |   U   |
[   10.871443] cloud-init[646]: ci-info: |   3   |    local    |    ::   |   enp0s3  |   U   |
[   10.873866] cloud-init[646]: ci-info: |   4   |   ff00::/8  |    ::   |   enp0s3  |   U   |
[   10.875906] cloud-init[646]: ci-info: +-------+-------------+---------+-----------+-------+
[   11.396411] cloud-init[646]: Generating public/private rsa key pair.
[   11.397641] cloud-init[646]: Your identification has been saved in /etc/ssh/ssh_host_rsa_key.
[   11.399342] cloud-init[646]: Your public key has been saved in /etc/ssh/ssh_host_rsa_key.pub.
[   11.401477] cloud-init[646]: The key fingerprint is:
[   11.402207] cloud-init[646]: SHA256:trwSKbN2sbS8Qf4bRdPs7EBDhZu5QrolG+l7/lrbidY root@ubuntu-bionic
[   11.403531] cloud-init[646]: The key's randomart image is:
[   11.404499] cloud-init[646]: +---[RSA 2048]----+
[   11.405368] cloud-init[646]: |          .o.    |
[   11.405981] cloud-init[646]: |         ..o     |
[   11.406903] cloud-init[646]: |          =+o    |
[   11.407994] cloud-init[646]: |        .o+=     |
[   11.409586] cloud-init[646]: |      .=S o.o    |
[   11.410229] cloud-init[646]: |    ooXooo.o     |
[   11.410903] cloud-init[646]: |     Bo@+....    |
[   11.411618] cloud-init[646]: |    o Xo.+.+E.   |
[   11.412520] cloud-init[646]: |   . .o**=+ o    |
[   11.413389] cloud-init[646]: +----[SHA256]-----+
[   11.414222] cloud-init[646]: Generating public/private dsa key pair.
[   11.415156] cloud-init[646]: Your identification has been saved in /etc/ssh/ssh_host_dsa_key.
[   11.417325] cloud-init[646]: Your public key has been saved in /etc/ssh/ssh_host_dsa_key.pub.
[   11.418950] cloud-init[646]: The key fingerprint is:
[   11.419793] cloud-init[646]: SHA256:kKMI39ANIFqP1aHDjnOT5ZM144xbmc5OYT9xRy6N/IU root@ubuntu-bionic
[   11.421192] cloud-init[646]: The key's randomart image is:
[   11.421981] cloud-init[646]: +---[DSA 1024]----+
[   11.422740] cloud-init[646]: |. o.o...         |
[   11.436487] cloud-init[646]: |.o * +..         |
[   11.437786] cloud-init[646]: |o o * * +     .  |
[   11.439024] cloud-init[646]: | o * * O = . = . |
[   11.440553] cloud-init[646]: |  = B = S . = E .|
[   11.442108] cloud-init[646]: |   o . B o o + . |
[   11.443342] cloud-init[646]: |      . + o   .  |
[   11.444585] cloud-init[646]: |       o   .     |
[   11.445953] cloud-init[646]: |        .        |
[   11.447327] cloud-init[646]: +----[SHA256]-----+
[   11.448808] cloud-init[646]: Generating public/private ecdsa key pair.
[   11.450814] cloud-init[646]: Your identification has been saved in /etc/ssh/ssh_host_ecdsa_key.
[   11.453689] cloud-init[646]: Your public key has been saved in /etc/ssh/ssh_host_ecdsa_key.pub.
[   11.456952] cloud-init[646]: The key fingerprint is:
[   11.458393] cloud-init[646]: SHA256:ff46Kzo3VTghU5X7qmk/EMcQYQdaUA+IDg1xGFoPx/s root@ubuntu-bionic
[   11.460463] cloud-init[646]: The key's randomart image is:
[   11.462124] cloud-init[646]: +---[ECDSA 256]---+
[   11.472959] cloud-init[646]: |      *Bo..=X=o. |
[   11.474603] cloud-init[646]: |     oo=+ ++o+.  |
[   11.484381] cloud-init[646]: |    .  o...o =.. |
[   11.486352] cloud-init[646]: |        o.  + =  |
[   11.488728] cloud-init[646]: |        S.. .= . |
[   11.490685] cloud-init[646]: |          Eoo   .|
[   11.492299] cloud-init[646]: |           ... . |
[   11.494455] cloud-init[646]: |        . + ooo  |
[   11.495794] cloud-init[646]: |        .+ +=*o. |
[   11.512527] cloud-init[646]: +----[SHA256]-----+
[   11.514401] cloud-init[646]: Generating public/private ed25519 key pair.
[   11.524448] cloud-init[646]: Your identification has been saved in /etc/ssh/ssh_host_ed25519_key.
[   11.527780] cloud-init[646]: Your public key has been saved in /etc/ssh/ssh_host_ed25519_key.pub.
[   11.531230] cloud-init[646]: The key fingerprint is:
[   11.533201] cloud-init[646]: SHA256:580XejLTMIP8WcwYQdUrM2AAiAGSMhjELuH6DW0TF2g root@ubuntu-bionic
[   11.535632] cloud-init[646]: The key's randomart image is:
[   11.548244] cloud-init[646]: +--[ED25519 256]--+
[   11.564514] cloud-init[646]: |*=..o.......o... |
[   11.564620] cloud-init[646]: |B. .E..    o .  .|
[   11.565554] cloud-init[646]: |+o .   .  . o   .|
[   11.566459] cloud-init[646]: |.o  . .  . . O . |
[[0;32m  OK  [0m] Started Initial cloud-init job (metadata service crawler).
[   11.567467] cloud-init[646]: |o  . o  S + = O  |
[   11.572340] cloud-init[646]: |. . +    o + O . |
[   11.573678] cloud-init[646]: | . + .    . X +  |
[[   11.575042] cloud-init[646]: |  . .        *   |
[   11.575239] cloud-init[646]: |                 |
[   11.575399] [0;32m  OK  [0m] Reached target Cloud-config availability.
cloud-init[646]: +----[SHA256]-----+
[[0;32m  OK  [0m] Reached target System Initialization.
         Starting LXD - unix socket.
[[0;32m  OK  [0m] Started Message of the Day.
[[0;32m  OK  [0m] Started Daily Cleanup of Temporary Directories.
[[0;32m  OK  [0m] Started Discard unused blocks once a week.
[[0;32m  OK  [0m] Started ACPI Events Check.
[[0;32m  OK  [0m] Reached target Paths.
[[0;32m  OK  [0m] Listening on Open-iSCSI iscsid Socket.
[[0;32m  OK  [0m] Listening on UUID daemon activation socket.
[[0;32m  OK  [0m] Listening on ACPID Listen Socket.
[[0;32m  OK  [0m] Listening on D-Bus System Message Bus Socket.
[[0;32m  OK  [0m] Started Daily apt download activities.
[[0;32m  OK  [0m] Started Daily apt upgrade and clean activities.
[[0;32m  OK  [0m] Reached target Timers.
         Starting Socket activation for snappy daemon.
[[0;32m  OK  [0m] Reached target Network is Online.
[[0;32m  OK  [0m] Reached target Remote File Systems (Pre).
[[0;32m  OK  [0m] Reached target Remote File Systems.
         Starting Availability of block devices...
[[0;32m  OK  [0m] Listening on LXD - unix socket.
[[0;32m  OK  [0m] Listening on Socket activation for snappy daemon.
[[0;32m  OK  [0m] Started Availability of block devices.
[[0;32m  OK  [0m] Reached target Sockets.
[[0;32m  OK  [0m] Reached target Basic System.
[[0;32m  OK  [0m] Started Deferred execution scheduler.
         Starting LSB: automatic crash report generation...
         Starting LSB: Record successful boot for GRUB...
         Starting Dispatcher daemon for systemd-networkd...
         Starting Virtualbox guest utils...
         Starting Login Service...
         Starting Snappy daemon...
         Starting Accounts Service...
         Starting Pollinate to seed the pseudo random number generator...
         Starting Permit User Sessions...
[[0;32m  OK  [0m] Started D-Bus System Message Bus.
[[0;32m  OK  [0m] Started Login Service.
[[0;32m  OK  [0m] Started Unattended Upgrades Shutdown.
         Starting System Logging Service...
[[0;32m  OK  [0m] Started FUSE filesystem for LXC.
[[0;32m  OK  [0m] Started irqbalance daemon.
[[0;32m  OK  [0m] Started Regular background program processing daemon.
         Starting LXD - container startup/shutdown...
[[0;32m  OK  [0m] Started System Logging Service.
[[0;32m  OK  [0m] Started Permit User Sessions.
         Starting Authorization Manager...
         Starting Hold until boot process finishes up...
         Starting Terminate Plymouth Boot Screen...
[[0;32m  OK  [0m] Started Hold until boot process finishes up.
[[0;32m  OK  [0m] Started Serial Getty on ttyS0.
         Starting Set console scheme...
[[0;32m  OK  [0m] Started Terminate Plymouth Boot Screen.
[[0;32m  OK  [0m] Started LSB: automatic crash report generation.
[[0;32m  OK  [0m] Started LSB: Record successful boot for GRUB.
[[0;32m  OK  [0m] Started Set console scheme.
[[0;32m  OK  [0m] Created slice system-getty.slice.
[[0;32m  OK  [0m] Started Getty on tty1.
[[0;32m  OK  [0m] Reached target Login Prompts.
[[0;32m  OK  [0m] Started Authorization Manager.
[[0;32m  OK  [0m] Started Accounts Service.
[[0;32m  OK  [0m] Started LXD - container startup/shutdown.
[[0;32m  OK  [0m] Started Virtualbox guest utils.
[[0;32m  OK  [0m] Started Dispatcher daemon for systemd-networkd.
[[0;32m  OK  [0m] Started Snappy daemon.
         Starting Wait until snapd is fully seeded...
[[0;32m  OK  [0m] Started Pollinate to seed the pseudo random number generator.
         Starting OpenBSD Secure Shell server...
[[0;32m  OK  [0m] Started OpenBSD Secure Shell server.
[[0;32m  OK  [0m] Created slice User Slice of vagrant.
         Starting User Manager for UID 1000...
[[0;32m  OK  [0m] Started Session 1 of user vagrant.
[[0;32m  OK  [0m] Started User Manager for UID 1000.
         Stopping User Manager for UID 1000...
[[0;32m  OK  [0m] Stopped User Manager for UID 1000.
[[0;32m  OK  [0m] Removed slice User Slice of vagrant.
[[0;32m  OK  [0m] Started Wait until snapd is fully seeded.
         Starting Apply the settings specified in cloud-config...
[[0;32m  OK  [0m] Reached target Multi-User System.
[[0;32m  OK  [0m] Reached target Graphical Interface.
         Starting Update UTMP about System Runlevel Changes...
[[0;32m  OK  [0m] Started Update UTMP about System Runlevel Changes.
[[0;32m  OK  [0m] Created slice User Slice of vagrant.
         Starting User Manager for UID 1000...
[[0;32m  OK  [0m] Started Session 3 of user vagrant.
[[0;32m  OK  [0m] Started User Manager for UID 1000.
[   15.900783] cloud-init[1373]: Cloud-init v. 18.5-45-g3554ffe8-0ubuntu1~18.04.1 running 'modules:config' at Mon, 20 May 2019 08:32:23 +0000. Up 15.61 seconds.
[[0;32m  OK  [0m] Started Apply the settings specified in cloud-config.
         Starting Execute cloud user/final scripts...
         Starting Hostname Service...
[[0;32m  OK  [0m] Started Hostname Service.
ci-info: no authorized ssh keys fingerprints found for user ubuntu.
[[0;32m  OK  [0m] Stopped Wait for Network to be Configured.
         Stopping Wait for Network to be Configured...
         Stopping Network Service...
<14>May 20 08:32:24 ec2: 
<14>May 20 08:32:24 ec2: #############################################################
<14>May 20 08:32:24 ec2: -----BEGIN SSH HOST KEY FINGERPRINTS-----
<14>May 20 08:32:24 ec2: 1024 SHA256:kKMI39ANIFqP1aHDjnOT5ZM144xbmc5OYT9xRy6N/IU root@ubuntu-bionic (DSA)
<14>May 20 08:32:24 ec2: 256 SHA256:ff46Kzo3VTghU5X7qmk/EMcQYQdaUA+IDg1xGFoPx/s root@ubuntu-bionic (ECDSA)
<14>May 20 08:32:24 ec2: 256 SHA256:580XejLTMIP8WcwYQdUrM2AAiAGSMhjELuH6DW0TF2g root@ubuntu-bionic (ED25519)
<14>May 20 08:32:24 ec2: 2048 SHA256:trwSKbN2sbS8Qf4bRdPs7EBDhZu5QrolG+l7/lrbidY root@ubuntu-bionic (RSA)
<14>May 20 08:32:24 ec2: -----END SSH HOST KEY FINGERPRINTS-----
<14>May 20 08:32:24 ec2: #############################################################
-----BEGIN SSH HOST KEY KEYS-----
ecdsa-sha2-nistp256 AAAAE2VjZHNhLXNoYTItbmlzdHAyNTYAAAAIbmlzdHAyNTYAAABBBMFURN9DkGfH/R7lNJ4CicExDr21uU1Yz2hwr2DU/AS+s/ypm6eoH8dDX7Wj3WBujl3KjvPfioYNgVLuA7s03oI= root@ubuntu-bionic
ssh-ed25519 AAAAC3NzaC1lZDI1NTE5AAAAIDo55ZwkCxbZhqwP/Z1dIrrykGMxGM6/wYXMfVdpMi68 root@ubuntu-bionic
ssh-rsa AAAAB3NzaC1yc2EAAAADAQABAAABAQD2/MUV7VY42tDML9uKrYGgUDZ1CU2IW7Ta6B4/DehlPB0b1oXIEFcvSh5lOjn/cGnxGMgJQ7jimc8DdQpzxihSAOt+nQZ7jeoYVSwjsnu+NlC8BkWZQyAP108IhReo23uuU7xe4Hnq8lp0witVdnKxyCy9LmwbPXp+u/rTaqPvg1eqJ7ZMWB9tkpB5WOjXqHO2M9P3S7rdrjEuJCwfukq//d6d1tu4JQqgBNlorSh20ku9I5NCmJKNYhkdrg9qs5nIZJ0XYsw3X8XQlmP+47+6s8jcxxpGxMfhZlHVE0tlGMvT2V/D+nWa90LY7rEoVEradeniYe6AzPw+1LRTvbBV root@ubuntu-bionic
-----END SSH HOST KEY KEYS-----
[   16.420046] cloud-init[1515]: Cloud-init v. 18.5-45-g3554ffe8-0ubuntu1~18.04.1 running 'modules:final' at Mon, 20 May 2019 08:32:24 +0000. Up 16.25 seconds.
[[0;32m  OK  [0m] Stopped Network Service.
         Starting Network Service...
[   16.433006] cloud-init[1515]: ci-info: no authorized ssh keys fingerprints found for user ubuntu.
[   16.445849] cloud-init[1515]: Cloud-init v. 18.5-45-g3554ffe8-0ubuntu1~18.04.1 finished at Mon, 20 May 2019 08:32:24 +0000. Datasource DataSourceNoCloud [seed=/dev/sdb][dsmode=net].  Up 16.41 seconds
[[0;32m  OK  [0m] Started Network Service.
         Starting Wait for Network to be Configured...
[[0;32m  OK  [0m] Started Execute cloud user/final scripts.
[[0;32m  OK  [0m] Started Wait for Network to be Configured.
[[0;32m  OK  [0m] Reached target Cloud-init target.

Ubuntu 18.04.2 LTS fe01 ttyS0

fe01 login: 